<?xml version="1.0" encoding="UTF-8"?>
<!-- Generated by org.testng.reporters.JUnitReportReporter -->
<testsuite ignored="0" hostname="SHUBHAM" failures="0" tests="1" name="expenseTravog.Login" time="19.723" errors="0" timestamp="12 Jun 2024 11:12:03 GMT" skipped="0">
  <testcase classname="expenseTravog.Login" name="LoginProcess" time="19.723"/>
</testsuite> <!-- expenseTravog.Login -->
