<?xml version="1.0" encoding="UTF-8"?>
<!-- Generated by org.testng.reporters.JUnitReportReporter -->
<testsuite ignored="0" hostname="SHUBHAM" failures="0" tests="1" name="expenseTravog.CamSbtExpenseBudgetManagement" time="37.692" errors="0" timestamp="17 Jun 2024 12:30:53 GMT" skipped="0">
  <testcase classname="expenseTravog.CamSbtExpenseBudgetManagement" name="Profiling1" time="37.692"/>
</testsuite> <!-- expenseTravog.CamSbtExpenseBudgetManagement -->
