<?xml version="1.0" encoding="UTF-8"?>
<!-- Generated by org.testng.reporters.JUnitReportReporter -->
<testsuite ignored="0" hostname="ANKUR" failures="0" tests="2" name="expenseTravog.Expense" time="106.747" errors="0" timestamp="10 Jun 2024 10:45:06 GMT" skipped="0">
  <testcase classname="expenseTravog.Expense" name="flightBooking" time="35.043"/>
  <testcase classname="expenseTravog.Expense" name="flightBooking" time="71.704"/>
</testsuite> <!-- expenseTravog.Expense -->
