<?xml version="1.0" encoding="UTF-8"?>
<!-- Generated by org.testng.reporters.JUnitReportReporter -->
<testsuite ignored="0" hostname="SHUBHAM" failures="0" tests="4" name="expenseTravog.Register" time="63.277" errors="0" timestamp="12 Jun 2024 09:44:01 GMT" skipped="0">
  <testcase classname="expenseTravog.Register" name="RegistrationProcess" time="14.338"/>
  <testcase classname="expenseTravog.Register" name="RegistrationProcess" time="15.662"/>
  <testcase classname="expenseTravog.Register" name="RegistrationProcess" time="16.502"/>
  <testcase classname="expenseTravog.Register" name="RegistrationProcess" time="16.775"/>
</testsuite> <!-- expenseTravog.Register -->
