<?xml version="1.0" encoding="UTF-8"?>
<!-- Generated by org.testng.reporters.JUnitReportReporter -->
<testsuite ignored="0" hostname="ANKUR" failures="0" tests="1" name="expenseTravog.ExpenseManagement" time="51.084" errors="0" timestamp="04 Jun 2024 06:50:27 GMT" skipped="0">
  <testcase classname="expenseTravog.ExpenseManagement" name="Profiling1" time="51.084"/>
</testsuite> <!-- expenseTravog.ExpenseManagement -->
