<?xml version="1.0" encoding="UTF-8"?>
<!-- Generated by org.testng.reporters.JUnitReportReporter -->
<testsuite ignored="0" hostname="SHUBHAM" failures="0" tests="1" name="expenseTravog.CamSbtExpensePerDiemManagement" time="43.597" errors="0" timestamp="17 Jun 2024 09:29:11 GMT" skipped="0">
  <testcase classname="expenseTravog.CamSbtExpensePerDiemManagement" name="Profiling1" time="43.597"/>
</testsuite> <!-- expenseTravog.CamSbtExpensePerDiemManagement -->
