<?xml version="1.0" encoding="UTF-8"?>
<!-- Generated by org.testng.reporters.JUnitReportReporter -->
<testsuite ignored="0" hostname="SHUBHAM" failures="0" tests="2" name="Flight_Booking.FlightBooking" time="1243.861" errors="0" timestamp="12 Mar 2025 06:16:37 GMT" skipped="0">
  <testcase classname="Flight_Booking.FlightBooking" name="flightBooking" time="682.350"/>
  <testcase classname="Flight_Booking.FlightBooking" name="flightBooking" time="561.511"/>
</testsuite> <!-- Flight_Booking.FlightBooking -->
