<?xml version="1.0" encoding="UTF-8"?>
<!-- Generated by org.testng.reporters.JUnitReportReporter -->
<testsuite ignored="0" hostname="SHUBHAM" failures="0" tests="1" name="expenseTravog.CamSbtExpenseCategoriesPoliciesManagement" time="43.897" errors="0" timestamp="17 Jun 2024 11:02:27 GMT" skipped="0">
  <testcase classname="expenseTravog.CamSbtExpenseCategoriesPoliciesManagement" name="Profiling1" time="43.897"/>
</testsuite> <!-- expenseTravog.CamSbtExpenseCategoriesPoliciesManagement -->
