<?xml version="1.0" encoding="UTF-8"?>
<!-- Generated by org.testng.reporters.JUnitReportReporter -->
<testsuite ignored="0" hostname="SHUBHAM" failures="0" tests="1" name="Flight_Booking.FlightBooking" time="179.951" errors="0" timestamp="06 Mar 2025 12:45:08 GMT" skipped="0">
  <testcase classname="Flight_Booking.FlightBooking" name="flightBooking" time="179.951"/>
</testsuite> <!-- Flight_Booking.FlightBooking -->
