<?xml version="1.0" encoding="UTF-8"?>
<!-- Generated by org.testng.reporters.JUnitReportReporter -->
<testsuite ignored="0" hostname="SHUBHAM" failures="0" tests="1" name="Flight_Hotel_BookingFlows.BusinessHotelTrip" time="151.674" errors="0" timestamp="03 Jul 2024 09:04:01 GMT" skipped="0">
  <testcase classname="Flight_Hotel_BookingFlows.BusinessHotelTrip" name="Sbt_Hotel_Search" time="151.674"/>
</testsuite> <!-- Flight_Hotel_BookingFlows.BusinessHotelTrip -->
