<?xml version="1.0" encoding="UTF-8"?>
<!-- Generated by org.testng.reporters.JUnitReportReporter -->
<testsuite ignored="0" hostname="SHUBHAM" failures="0" tests="3" name="expenseTravog.ExpenseManagementTripSheet" time="449.318" errors="0" timestamp="14 Jun 2024 11:44:20 GMT" skipped="0">
  <testcase classname="expenseTravog.ExpenseManagementTripSheet" name="ExpenseManagement" time="127.612"/>
  <testcase classname="expenseTravog.ExpenseManagementTripSheet" name="ExpenseManagement" time="145.525"/>
  <testcase classname="expenseTravog.ExpenseManagementTripSheet" name="ExpenseManagement" time="176.181"/>
</testsuite> <!-- expenseTravog.ExpenseManagementTripSheet -->
