<?xml version="1.0" encoding="UTF-8"?>
<!-- Generated by org.testng.reporters.JUnitReportReporter -->
<testsuite ignored="0" hostname="SHUBHAM" failures="0" tests="1" name="expenseTravog.CamSbtExpenseConveyanceAllowanceManagement" time="95.551" errors="0" timestamp="17 Jun 2024 10:38:33 GMT" skipped="0">
  <testcase classname="expenseTravog.CamSbtExpenseConveyanceAllowanceManagement" name="Profiling1" time="95.551"/>
</testsuite> <!-- expenseTravog.CamSbtExpenseConveyanceAllowanceManagement -->
